<?xml version="1.0" encoding="UTF-8"?>
<testng-results ignored="0" total="1" passed="1" failed="0" skipped="0">
  <reporter-output>
  </reporter-output>
  <suite started-at="2022-10-01T13:16:58 IST" name="Default suite" finished-at="2022-10-01T13:17:02 IST" duration-ms="4087">
    <groups>
    </groups>
    <test started-at="2022-10-01T13:16:58 IST" name="Default test" finished-at="2022-10-01T13:17:02 IST" duration-ms="4087">
      <class name="myproject.selenium.practice.LearnAlert">
        <test-method is-config="true" signature="invokeBrowser()[pri:0, instance:myproject.selenium.practice.LearnAlert@368247b9]" started-at="2022-10-01T13:16:58 IST" name="invokeBrowser" finished-at="2022-10-01T13:17:00 IST" duration-ms="2394" status="PASS">
          <reporter-output>
          </reporter-output>
        </test-method> <!-- invokeBrowser -->
        <test-method signature="alertLearning()[pri:0, instance:myproject.selenium.practice.LearnAlert@368247b9]" started-at="2022-10-01T13:17:00 IST" name="alertLearning" finished-at="2022-10-01T13:17:02 IST" duration-ms="1123" status="PASS">
          <reporter-output>
          </reporter-output>
        </test-method> <!-- alertLearning -->
        <test-method is-config="true" signature="quitBrowser()[pri:0, instance:myproject.selenium.practice.LearnAlert@368247b9]" started-at="2022-10-01T13:17:02 IST" name="quitBrowser" finished-at="2022-10-01T13:17:02 IST" duration-ms="512" status="PASS">
          <reporter-output>
          </reporter-output>
        </test-method> <!-- quitBrowser -->
      </class> <!-- myproject.selenium.practice.LearnAlert -->
    </test> <!-- Default test -->
  </suite> <!-- Default suite -->
</testng-results>
